<?xml version="1.0" encoding="UTF-8"?>
<!-- Generated by org.testng.reporters.JUnitReportReporter -->
<testsuite hostname="Furkans-MacBook-Air.local" failures="0" tests="2" name="SelFrameworkDesign.tests.ErrorValidationsTest" time="15.666" errors="0" timestamp="2024-03-15T01:49:17 TRT" skipped="0">
  <testcase classname="SelFrameworkDesign.tests.ErrorValidationsTest" name="ProductErrorValidation" time="11.454"/>
  <testcase classname="SelFrameworkDesign.tests.ErrorValidationsTest" name="LoginErrorValidation" time="4.212"/>
</testsuite> <!-- SelFrameworkDesign.tests.ErrorValidationsTest -->
