<?xml version="1.0" encoding="UTF-8"?>
<!-- Generated by org.testng.reporters.JUnitReportReporter -->
<testsuite hostname="Furkans-MacBook-Air.local" failures="0" tests="1" name="SelFrameworkDesign.tests.ErrorValidations" time="5.341" errors="0" timestamp="2024-03-08T02:38:52 TRT" skipped="0">
  <testcase classname="SelFrameworkDesign.tests.ErrorValidations" name="submitOrder" time="5.341"/>
</testsuite> <!-- SelFrameworkDesign.tests.ErrorValidations -->
