<?xml version="1.0" encoding="UTF-8"?>
<!-- Generated by org.testng.reporters.JUnitReportReporter -->
<testsuite hostname="Furkans-MacBook-Air.local" failures="0" tests="3" name="SelFrameworkDesign.tests.SubmitOrderTest" time="37.209" errors="0" timestamp="2024-03-13T02:35:06 TRT" skipped="0">
  <testcase classname="SelFrameworkDesign.tests.SubmitOrderTest" name="submitOrder" time="15.440"/>
  <testcase classname="SelFrameworkDesign.tests.SubmitOrderTest" name="submitOrder" time="13.282"/>
  <testcase classname="SelFrameworkDesign.tests.SubmitOrderTest" name="OrderHistoryTest" time="8.487"/>
</testsuite> <!-- SelFrameworkDesign.tests.SubmitOrderTest -->
