<?xml version="1.0" encoding="UTF-8"?>
<!-- Generated by org.testng.reporters.JUnitReportReporter -->
<testsuite hostname="Furkans-MacBook-Air.local" failures="0" tests="3" name="SelFrameworkDesign.tests.SubmitOrderTest" time="29.712" errors="0" timestamp="2024-03-15T01:49:17 TRT" skipped="0">
  <testcase classname="SelFrameworkDesign.tests.SubmitOrderTest" name="submitOrder" time="11.748"/>
  <testcase classname="SelFrameworkDesign.tests.SubmitOrderTest" name="submitOrder" time="12.097"/>
  <testcase classname="SelFrameworkDesign.tests.SubmitOrderTest" name="OrderHistoryTest" time="5.867"/>
</testsuite> <!-- SelFrameworkDesign.tests.SubmitOrderTest -->
