<?xml version="1.0" encoding="UTF-8"?>
<!-- Generated by org.testng.reporters.JUnitReportReporter -->
<testsuite hostname="Furkans-MacBook-Air.local" failures="0" tests="3" name="SelFrameworkDesign.tests.SubmitOrderTest" time="56.713" errors="0" timestamp="2024-03-13T02:11:06 TRT" skipped="0">
  <testcase classname="SelFrameworkDesign.tests.SubmitOrderTest" name="OrderHistoryTest" time="6.416"/>
  <testcase classname="SelFrameworkDesign.tests.SubmitOrderTest" name="submitOrder" time="14.992"/>
  <testcase classname="SelFrameworkDesign.tests.SubmitOrderTest" name="submitOrder" time="35.305"/>
</testsuite> <!-- SelFrameworkDesign.tests.SubmitOrderTest -->
