<?xml version="1.0" encoding="UTF-8"?>
<!-- Generated by org.testng.reporters.JUnitReportReporter -->
<testsuite hostname="Furkans-MacBook-Air.local" failures="0" tests="1" name="cucumber.TestNGTestRunner" time="12.137" errors="0" timestamp="2024-03-17T01:46:57 TRT" skipped="0">
  <testcase classname="cucumber.TestNGTestRunner" name="runScenario" time="12.137"/>
  <system-out/>
</testsuite> <!-- cucumber.TestNGTestRunner -->
