<?xml version="1.0" encoding="UTF-8"?>
<!-- Generated by org.testng.reporters.JUnitReportReporter -->
<testsuite hostname="Furkans-MacBook-Air.local" failures="0" tests="1" name="SelFrameworkDesign.tests.ErrorValidationsTest" time="8.472" errors="0" timestamp="2024-03-09T21:27:14 TRT" skipped="0">
  <testcase classname="SelFrameworkDesign.tests.ErrorValidationsTest" name="LoginErrorValidation" time="8.472"/>
</testsuite> <!-- SelFrameworkDesign.tests.ErrorValidationsTest -->
