<?xml version="1.0" encoding="UTF-8"?>
<!-- Generated by org.testng.reporters.JUnitReportReporter -->
<testsuite hostname="Furkans-MacBook-Air.local" failures="0" tests="2" name="SelFrameworkDesign.tests.SubmitOrderTest" time="19.005" errors="0" timestamp="2024-03-09T03:22:22 TRT" skipped="0">
  <testcase classname="SelFrameworkDesign.tests.SubmitOrderTest" name="OrderHistoryTest" time="6.185"/>
  <testcase classname="SelFrameworkDesign.tests.SubmitOrderTest" name="submitOrder" time="12.820"/>
</testsuite> <!-- SelFrameworkDesign.tests.SubmitOrderTest -->
