<?xml version="1.0" encoding="UTF-8"?>
<!-- Generated by org.testng.reporters.JUnitReportReporter -->
<testsuite hostname="Furkans-MacBook-Air.local" failures="0" tests="1" name="SelFrameworkDesign.tests.SubmitOrderTest" time="23.491" errors="0" timestamp="2024-03-08T01:50:28 TRT" skipped="0">
  <testcase classname="SelFrameworkDesign.tests.SubmitOrderTest" name="submitOrder" time="23.491"/>
</testsuite> <!-- SelFrameworkDesign.tests.SubmitOrderTest -->
