<?xml version="1.0" encoding="UTF-8"?>
<!-- Generated by org.testng.reporters.JUnitReportReporter -->
<testsuite hostname="Furkans-MacBook-Air.local" failures="0" tests="3" name="SelFrameworkDesign.tests.SubmitOrderTest" time="39.102" errors="0" timestamp="2024-03-12T01:41:38 TRT" skipped="0">
  <testcase classname="SelFrameworkDesign.tests.SubmitOrderTest" name="OrderHistoryTest" time="5.403"/>
  <testcase classname="SelFrameworkDesign.tests.SubmitOrderTest" name="submitOrder" time="21.152"/>
  <testcase classname="SelFrameworkDesign.tests.SubmitOrderTest" name="submitOrder" time="12.547"/>
</testsuite> <!-- SelFrameworkDesign.tests.SubmitOrderTest -->
